0 info it worked if it ends with ok
1 verbose cli [ 'node', '/usr/local/bin/npm', 'install', '-g', 'karma' ]
2 info using npm@1.3.4
3 info using node@v0.10.9
4 verbose cache add [ 'karma', null ]
5 verbose cache add name=undefined spec="karma" args=["karma",null]
6 verbose parsed url { protocol: null,
6 verbose parsed url   slashes: null,
6 verbose parsed url   auth: null,
6 verbose parsed url   host: null,
6 verbose parsed url   port: null,
6 verbose parsed url   hostname: null,
6 verbose parsed url   hash: null,
6 verbose parsed url   search: null,
6 verbose parsed url   query: null,
6 verbose parsed url   pathname: 'karma',
6 verbose parsed url   path: 'karma',
6 verbose parsed url   href: 'karma' }
7 silly lockFile 512423cb-karma karma
8 verbose lock karma /Users/richard/.npm/512423cb-karma.lock
9 silly lockFile 512423cb-karma karma
10 silly lockFile 512423cb-karma karma
11 verbose addNamed [ 'karma', '' ]
12 verbose addNamed [ null, '*' ]
13 silly lockFile cd7961bb-karma karma@
14 verbose lock karma@ /Users/richard/.npm/cd7961bb-karma.lock
15 silly addNameRange { name: 'karma', range: '*', hasData: false }
16 verbose url raw karma
17 verbose url resolving [ 'https://registry.npmjs.org/', './karma' ]
18 verbose url resolved https://registry.npmjs.org/karma
19 info trying registry request attempt 1 at 20:57:53
20 verbose etag "5E7C9UF3ZR18LV5EPWJHEL9EH"
21 http GET https://registry.npmjs.org/karma
22 http 304 https://registry.npmjs.org/karma
23 silly registry.get cb [ 304,
23 silly registry.get   { server: 'CouchDB/1.3.0 (Erlang OTP/R15B03)',
23 silly registry.get     etag: '"5E7C9UF3ZR18LV5EPWJHEL9EH"',
23 silly registry.get     date: 'Thu, 18 Jul 2013 18:57:56 GMT',
23 silly registry.get     'content-length': '0' } ]
24 verbose etag karma from cache
25 silly addNameRange number 2 { name: 'karma', range: '*', hasData: true }
26 silly addNameRange versions [ 'karma',
26 silly addNameRange   [ '0.8.0',
26 silly addNameRange     '0.9.0-dart',
26 silly addNameRange     '0.8.1',
26 silly addNameRange     '0.8.2',
26 silly addNameRange     '0.8.3',
26 silly addNameRange     '0.9.0',
26 silly addNameRange     '0.8.4',
26 silly addNameRange     '0.9.1',
26 silly addNameRange     '0.8.5',
26 silly addNameRange     '0.9.2',
26 silly addNameRange     '0.9.2-dart',
26 silly addNameRange     '0.9.3',
26 silly addNameRange     '0.8.6',
26 silly addNameRange     '0.9.4' ] ]
27 verbose addNamed [ 'karma', '0.8.6' ]
28 verbose addNamed [ '0.8.6', '0.8.6' ]
29 silly lockFile cf160b05-karma-0-8-6 karma@0.8.6
30 verbose lock karma@0.8.6 /Users/richard/.npm/cf160b05-karma-0-8-6.lock
31 silly lockFile cf160b05-karma-0-8-6 karma@0.8.6
32 silly lockFile cf160b05-karma-0-8-6 karma@0.8.6
33 silly lockFile cd7961bb-karma karma@
34 silly lockFile cd7961bb-karma karma@
35 silly resolved [ { name: 'karma',
35 silly resolved     description: 'Spectacular Test Runner for JavaScript.',
35 silly resolved     homepage: 'http://karma-runner.github.com/',
35 silly resolved     bugs: { url: 'https://github.com/karma-runner/karma/issues' },
35 silly resolved     keywords:
35 silly resolved      [ 'karma',
35 silly resolved        'spectacular',
35 silly resolved        'runner',
35 silly resolved        'testacular',
35 silly resolved        'js',
35 silly resolved        'javascript',
35 silly resolved        'testing',
35 silly resolved        'test',
35 silly resolved        'remote',
35 silly resolved        'execution' ],
35 silly resolved     author: { name: 'Vojta Jína', email: 'vojta.jina@gmail.com' },
35 silly resolved     contributors:
35 silly resolved      [ [Object],
35 silly resolved        [Object],
35 silly resolved        [Object],
35 silly resolved        [Object],
35 silly resolved        [Object],
35 silly resolved        [Object],
35 silly resolved        [Object],
35 silly resolved        [Object],
35 silly resolved        [Object],
35 silly resolved        [Object],
35 silly resolved        [Object],
35 silly resolved        [Object],
35 silly resolved        [Object],
35 silly resolved        [Object],
35 silly resolved        [Object],
35 silly resolved        [Object],
35 silly resolved        [Object],
35 silly resolved        [Object],
35 silly resolved        [Object],
35 silly resolved        [Object],
35 silly resolved        [Object],
35 silly resolved        [Object],
35 silly resolved        [Object],
35 silly resolved        [Object],
35 silly resolved        [Object],
35 silly resolved        [Object],
35 silly resolved        [Object],
35 silly resolved        [Object],
35 silly resolved        [Object],
35 silly resolved        [Object],
35 silly resolved        [Object],
35 silly resolved        [Object],
35 silly resolved        [Object],
35 silly resolved        [Object],
35 silly resolved        [Object],
35 silly resolved        [Object],
35 silly resolved        [Object] ],
35 silly resolved     dependencies:
35 silly resolved      { 'socket.io': '~0.9.13',
35 silly resolved        chokidar: '~0.6',
35 silly resolved        glob: '~3.1.21',
35 silly resolved        minimatch: '~0.2',
35 silly resolved        'http-proxy': '~0.10',
35 silly resolved        optimist: '0.3.5',
35 silly resolved        'coffee-script': '~1.6',
35 silly resolved        xmlbuilder: '0.4.2',
35 silly resolved        rimraf: '~2.1',
35 silly resolved        q: '~0.9',
35 silly resolved        LiveScript: '1.0.1',
35 silly resolved        colors: '0.6.0-1',
35 silly resolved        dateformat: '1.0.2-1.2.3',
35 silly resolved        istanbul: '0.1.22',
35 silly resolved        lodash: '~1.1',
35 silly resolved        growly: '~1.1',
35 silly resolved        pause: '0.0.1',
35 silly resolved        mime: '~1.2',
35 silly resolved        log4js: '~0.6.3' },
35 silly resolved     devDependencies:
35 silly resolved      { grunt: '~0.4',
35 silly resolved        'grunt-simple-mocha': 'git://github.com/yaymukund/grunt-simple-mocha.git',
35 silly resolved        'grunt-contrib-jshint': '~0.3',
35 silly resolved        mocks: '~0.0.10',
35 silly resolved        which: '~1.0',
35 silly resolved        'sinon-chai': '~2.3',
35 silly resolved        chai: '~1.5',
35 silly resolved        mocha: '~1.8',
35 silly resolved        sinon: '~1.6',
35 silly resolved        'timer-shim': '~0.2',
35 silly resolved        'chai-as-promised': '~3.2',
35 silly resolved        'mock-http-response': '~0.1',
35 silly resolved        qq: '~0.3' },
35 silly resolved     preferGlobal: true,
35 silly resolved     repository: { type: 'git', url: 'git://github.com/karma-runner/karma.git' },
35 silly resolved     main: './lib/index',
35 silly resolved     bin: { karma: './bin/karma' },
35 silly resolved     engines: { node: '~0.8 || ~0.10' },
35 silly resolved     version: '0.8.6',
35 silly resolved     readme: '# Karma [![Build Status](https://secure.travis-ci.org/karma-runner/karma.png?branch=stable)](http://travis-ci.org/karma-runner/karma) [![Build Status](https://secure.travis-ci.org/karma-runner/karma.png?branch=master)](http://travis-ci.org/karma-runner/karma)\n\nA simple tool that allows you to execute JavaScript code in multiple\n_real_ browsers, powered by [Node.js] and [Socket.io].\n\n> The main purpose of Karma is to make your TDD development easy,\n>  fast, and fun.\n\n\n## When should I use Karma?\n\n* You want to test code in *real* browsers.\n* You want to test code in multiple browsers (desktop, mobile,\n  tablets, etc.).\n* You want to execute your tests locally during development.\n* You want to execute your tests on a continuous integration server.\n* You want to execute your tests on every save.\n* You love your terminal.\n* You don\'t want your (testing) life to suck.\n* You want to use [Istanbul] to automagically generate coverage\n  reports.\n* You want to use [RequireJS] for your source files.\n\n\n## But I still want to use \\_insert testing library\\_\n\nKarma is not a testing framework, neither an assertion library,\nso for that you can use pretty much anything you like. Right now out\nof the box there is support for\n\n* [Mocha]\n* [Jasmine]\n* [QUnit]\n* \\_anything else\\_ Write your own adapter. It\'s not that hard. And we\n  are here to help.\n\n\n## Which Browsers can I use?\n\nAll the major browsers are supported, if you want to know more see the\n[Browsers] page.\n\n\n## I want to use it. Where do I sign?\n\nYou don\'t need to sign anything but here are some resources to help\nyou to get started.\n\n### Obligatory Screencast.\n\nEvery serious project has a screencast, so here is ours.  Just click\n[here] and let the show begin.\n\n### NPM Installation.\n\nIf you have [Node.js] installed, it\'s as simple as\n\n```bash\n$ npm install -g karma\n```\n\nThis will give you the latest stable version available on npm. If you\nwant to live life on the edge you can do so by\n\n```bash\n$ npm install -g karma@canary\n```\n\nThe curious can have a look at the [wiki] articles for\n[Getting Started] and [Versioning].\n\n### Using it.\n\nGo into your project and create a testacular configuration. That is\njust a simple JavaScript or CoffeeScript file that tells Karma\nwhere all the awesomeness of your project are.\n\nYou can find a simple example in\n[test/client/karma.conf.js](https://github.com/karma-runner/karma/blob/master/test/client/karma.conf.js)\nwhich contains most of the options.\n\nTo create your own from scratch there is the `init` command, which\nwill be named `karma.conf.js` by default:\n\n```bash\n$ karma init\n```\nThis will ask you many questions and if you answered them all correct\nyou will be allowed to use Karma.\n\nFor more information on the configuration options see\n[Configuration File Overview].\n\nNow that you have your configuration all that is left to do is to\nstart Karma:\n```bash\n$ karma start\n```\n\nIf you want to run tests manually (without auto watching file changes), you can:\n```bash\n$ karma run\n```\nBut only if you have started the Karma server before.\n\n\n## Why did you create this?\n\nThroughout the development of [AngularJS], we\'ve been using [JSTD] for\ntesting. I really think that JSTD is a great idea. Unfortunately, we\nhad many problems with JSTD, so we decided to write our own test\nrunner based on the same idea. We wanted a simple tool just for\nexecuting JavaScript tests that is both stable and fast. That\'s why we\nuse the awesome [Socket.io] library and [Node.js].\n\n\n## I still don\'t get it. Where can I get help?\n\n* [Wiki]\n* [Mailing List]\n* [Issuetracker]\n* [@JsKarma] on Twitter\n\n## This is so great. I want to help.\n\nSee\n[Contributing.md](https://github.com/karma-runner/karma/blob/master/CONTRIBUTING.md)\nor the [wiki] for more information.\n\n\n## My boss wants a license. So where is it?\n\n### The MIT License\n\n> Copyright (C) 2011-2013 Vojta Jína.\n>\n> Permission is hereby granted, free of charge, to any person\n> obtaining a copy of this software and associated documentation files\n> (the "Software"), to deal in the Software without restriction,\n> including without limitation the rights to use, copy, modify, merge,\n> publish, distribute, sublicense, and/or sell copies of the Software,\n> and to permit persons to whom the Software is furnished to do so,\n> subject to the following conditions:\n>\n> The above copyright notice and this permission notice shall be\n> included in all copies or substantial portions of the Software.\n>\n> THE SOFTWARE IS PROVIDED "AS IS", WITHOUT WARRANTY OF ANY KIND,\n> EXPRESS OR IMPLIED, INCLUDING BUT NOT LIMITED TO THE WARRANTIES OF\n> MERCHANTABILITY, FITNESS FOR A PARTICULAR PURPOSE AND\n> NONINFRINGEMENT. IN NO EVENT SHALL THE AUTHORS OR COPYRIGHT HOLDERS\n> BE LIABLE FOR ANY CLAIM, DAMAGES OR OTHER LIABILITY, WHETHER IN AN\n> ACTION OF CONTRACT, TORT OR OTHERWISE, ARISING FROM, OUT OF OR IN\n> CONNECTION WITH THE SOFTWARE OR THE USE OR OTHER DEALINGS IN THE\n> SOFTWARE.\n\n\n\n[AngularJS]: http://angularjs.org/\n[JSTD]: http://code.google.com/p/js-test-driver/\n[Socket.io]: http://socket.io/\n[Node.js]: http://nodejs.org/\n[Jasmine]: http://pivotal.github.com/jasmine/\n[Mocha]: http://visionmedia.github.com/mocha/\n[QUnit]: http://qunitjs.com/\n[Semantic Versioning]: http://semver.org/\n[here]: http://www.youtube.com/watch?v=MVw8N3hTfCI\n[installers]: http://nodejs.org/download/\n[wiki]: https://github.com/karma-runner/karma/wiki\n[Wiki]: https://github.com/karma-runner/karma/wiki\n[Getting Started]: https://github.com/karma-runner/karma/wiki/Getting-Started\n[Versioning]: https://github.com/karma-runner/karma/wiki/Versioning\n[Configuration File Overview]: https://github.com/karma-runner/karma/wiki/Configuration-File-Overview\n[Mailing List]: https://groups.google.com/forum/#!forum/karma-users\n[Issuetracker]: https://github.com/karma-runner/karma/issues\n[@JsKarma]: http://twitter.com/JsKarma\n[Browsers]: https://github.com/karma-runner/karma/wiki/Browsers\n[RequireJS]: http://requirejs.org/\n[Istanbul]: https://github.com/gotwarlost/istanbul\n\n',
35 silly resolved     readmeFilename: 'README.md',
35 silly resolved     _id: 'karma@0.8.6',
35 silly resolved     _from: 'karma@' } ]
36 info install karma@0.8.6 into /usr/local/lib
37 info installOne karma@0.8.6
38 info /usr/local/lib/node_modules/karma unbuild
39 info preuninstall karma@0.8.6
40 info uninstall karma@0.8.6
41 verbose true,/usr/local/lib/node_modules,/usr/local/lib/node_modules unbuild karma@0.8.6
42 verbose /usr/local/bin,[object Object] binRoot
43 info postuninstall karma@0.8.6
44 info /usr/local/lib/node_modules/karma unbuild
45 info preuninstall karma@0.8.6
46 info uninstall karma@0.8.6
47 verbose true,/usr/local/lib/node_modules,/usr/local/lib/node_modules unbuild karma@0.8.6
48 verbose /usr/local/bin,[object Object] binRoot
49 info postuninstall karma@0.8.6
50 error error rolling back Error: EACCES, unlink '/usr/local/lib/node_modules/karma'
50 error error rolling back  karma@0.8.6 { [Error: EACCES, unlink '/usr/local/lib/node_modules/karma']
50 error error rolling back   errno: 3,
50 error error rolling back   code: 'EACCES',
50 error error rolling back   path: '/usr/local/lib/node_modules/karma' }
51 error Error: EACCES, unlink '/usr/local/lib/node_modules/karma'
51 error  { [Error: EACCES, unlink '/usr/local/lib/node_modules/karma']
51 error   errno: 3,
51 error   code: 'EACCES',
51 error   path: '/usr/local/lib/node_modules/karma' }
52 error Please try running this command again as root/Administrator.
53 error System Darwin 12.4.0
54 error command "node" "/usr/local/bin/npm" "install" "-g" "karma"
55 error cwd /Users/richard/Github/angular-seed
56 error node -v v0.10.9
57 error npm -v 1.3.4
58 error path /usr/local/lib/node_modules/karma
59 error code EACCES
60 error errno 3
61 error stack Error: EACCES, unlink '/usr/local/lib/node_modules/karma'
62 verbose exit [ 3, true ]
